[2025-03-25 18:39:25] Worker 1 is alive
[2025-03-25 18:39:25] Worker 1 is alive
[2025-03-25 18:39:25] Worker 2 is alive
[2025-03-25 18:39:25] Worker 1 is alive
[2025-03-25 18:39:25] Worker 3 is alive
[2025-03-25 18:39:25] Worker 2 is alive
[2025-03-25 18:39:25] Worker 1 is alive
[2025-03-25 18:39:26] Worker 3 is alive
[2025-03-25 18:39:28] Worker 2 is alive
[2025-03-25 18:39:30] Worker 1 is alive
[2025-03-25 18:39:31] Worker 3 is alive
[2025-03-25 18:39:33] Worker 2 is alive
[2025-03-25 18:39:35] Worker 1 is alive
[2025-03-25 18:39:36] Worker 3 is alive | Processing Task 406bd3b7-e192-42d1-90e8-2c5183744e52: add [2, 2]
[2025-03-25 18:39:38] Worker 2 is alive
[2025-03-25 18:39:40] Worker 1 is alive
[2025-03-25 18:39:41] Worker 3 is alive | Processing Task 406bd3b7-e192-42d1-90e8-2c5183744e52: add [2, 2]
[2025-03-25 18:39:43] Worker 2 is alive
[2025-03-25 18:39:45] Worker 1 is alive
[2025-03-25 18:39:46] Worker 3 is alive | Processing Task 406bd3b7-e192-42d1-90e8-2c5183744e52: add [2, 2]
[2025-03-25 18:39:48] Worker 2 is alive
[2025-03-25 18:39:50] Worker 1 is alive
[2025-03-25 18:39:53] Worker 2 is alive
[2025-03-25 18:39:55] Worker 1 is alive
[2025-03-25 18:39:58] Worker 2 is alive
[2025-03-25 18:40:00] Worker 1 is alive | Processing Task b247f438-2c26-4b9a-bcbf-d652ed1330d1: sub [8, 8]
[2025-03-25 18:40:00] ERROR: Worker 3 is unresponsive! Reassigning tasks...
[2025-03-25 18:40:00] Reassigning tasks from failed worker 3...
[2025-03-25 18:40:00] Reassigning stuck task 406bd3b7-e192-42d1-90e8-2c5183744e52 from worker 3...
[2025-03-25 18:40:00] Task 406bd3b7-e192-42d1-90e8-2c5183744e52 requeued successfully.
[2025-03-25 18:40:03] Worker 2 is alive
[2025-03-25 18:40:05] Worker 1 is alive | Processing Task 406bd3b7-e192-42d1-90e8-2c5183744e52: add [2, 2]
[2025-03-25 18:40:08] Worker 2 is alive
[2025-03-25 18:40:10] Worker 1 is alive | Processing Task 406bd3b7-e192-42d1-90e8-2c5183744e52: add [2, 2]
[2025-03-25 18:40:13] Worker 2 is alive
[2025-03-25 18:40:15] Worker 1 is alive | Processing Task 406bd3b7-e192-42d1-90e8-2c5183744e52: add [2, 2]
[2025-03-25 18:40:18] Worker 2 is alive
[2025-03-25 18:40:20] Worker 1 is alive | Processing Task 406bd3b7-e192-42d1-90e8-2c5183744e52: add [2, 2]
[2025-03-25 18:40:23] Worker 2 is alive
[2025-03-25 18:40:25] Worker 1 is alive | Processing Task 406bd3b7-e192-42d1-90e8-2c5183744e52: add [2, 2]
[2025-03-25 18:40:28] Worker 2 is alive | Processing Task b0856a82-2a73-4d95-b1ca-4494cfd980e0: mul [3, 3]
[2025-03-25 18:40:30] Worker 1 is alive | Processing Task 406bd3b7-e192-42d1-90e8-2c5183744e52: add [2, 2]
[2025-03-25 18:40:33] Worker 2 is alive
[2025-03-25 18:40:35] Worker 1 is alive
[2025-03-25 18:40:38] Worker 2 is alive
[2025-03-25 18:40:40] Worker 1 is alive
[2025-03-25 18:40:43] Worker 2 is alive | Processing Task 5ed7cd89-639e-409e-8590-23bcb7d07c73: add [8, 8]
[2025-03-25 18:40:45] Worker 1 is alive
[2025-03-25 18:40:48] Worker 2 is alive | Processing Task 5ed7cd89-639e-409e-8590-23bcb7d07c73: add [8, 8]
[2025-03-25 18:40:50] Worker 1 is alive
[2025-03-25 18:40:53] Worker 2 is alive | Processing Task 5ed7cd89-639e-409e-8590-23bcb7d07c73: add [8, 8]
[2025-03-25 18:40:55] Worker 1 is alive
[2025-03-25 18:40:58] Worker 2 is alive | Processing Task 5ed7cd89-639e-409e-8590-23bcb7d07c73: add [8, 8]
[2025-03-25 18:41:00] Worker 1 is alive
[2025-03-25 18:41:03] Worker 2 is alive | Processing Task 5ed7cd89-639e-409e-8590-23bcb7d07c73: add [8, 8]
[2025-03-25 18:41:05] Worker 1 is alive
[2025-03-25 18:41:09] Worker 2 is alive | Processing Task 5ed7cd89-639e-409e-8590-23bcb7d07c73: add [8, 8]
[2025-03-25 18:41:10] Worker 1 is alive
[2025-03-25 18:41:14] Worker 2 is alive
[2025-03-25 18:41:15] Worker 1 is alive
[2025-03-25 18:41:19] Worker 2 is alive
[2025-03-25 18:41:20] Worker 1 is alive
